<?xml version="1.0" encoding="UTF-8"?>
<testng-results ignored="0" total="2" passed="2" failed="0" skipped="0">
  <reporter-output>
  </reporter-output>
  <suite started-at="2022-07-27T18:25:21 GST" name="Default suite" finished-at="2022-07-27T18:26:09 GST" duration-ms="47603">
    <groups>
    </groups>
    <test started-at="2022-07-27T18:25:21 GST" name="Default test" finished-at="2022-07-27T18:26:09 GST" duration-ms="47603">
      <class name="tests.Registration">
        <test-method is-config="true" signature="setup()[pri:0, instance:tests.Registration@c88a337]" started-at="2022-07-27T18:25:21 GST" name="setup" finished-at="2022-07-27T18:25:36 GST" duration-ms="14669" status="PASS">
          <reporter-output>
          </reporter-output>
        </test-method> <!-- setup -->
        <test-method signature="openGoChat()[pri:0, instance:tests.Registration@c88a337]" started-at="2022-07-27T18:25:36 GST" name="openGoChat" finished-at="2022-07-27T18:25:36 GST" duration-ms="4" status="PASS">
          <reporter-output>
          </reporter-output>
        </test-method> <!-- openGoChat -->
        <test-method signature="registration()[pri:0, instance:tests.Registration@c88a337]" started-at="2022-07-27T18:25:36 GST" name="registration" finished-at="2022-07-27T18:26:09 GST" duration-ms="32906" status="PASS">
          <reporter-output>
          </reporter-output>
        </test-method> <!-- registration -->
        <test-method is-config="true" signature="teardown()[pri:0, instance:tests.Registration@c88a337]" started-at="2022-07-27T18:26:09 GST" name="teardown" finished-at="2022-07-27T18:26:09 GST" duration-ms="1" status="PASS">
          <reporter-output>
          </reporter-output>
        </test-method> <!-- teardown -->
      </class> <!-- tests.Registration -->
    </test> <!-- Default test -->
  </suite> <!-- Default suite -->
</testng-results>
